2016-03-21 15:00:51,912 INFO  [default] START
2016-03-21 15:00:51,912 ERROR [default] Couldn't find/load the 'dailywork' catalog for locale 'French_France.1252'.
2016-03-21 15:00:52,209 INFO  [default] Parse file dailywork.json
2016-03-21 15:00:52,209 ERROR [default] File not found
2016-03-21 15:00:52,209 INFO  [default] File updated to version 3
2016-03-21 15:00:54,060 INFO  [default] Get Excluded Days : 
2016-03-21 15:00:54,060 INFO  [default] Loading Tree with json 0data...
2016-03-21 15:00:54,060 INFO  [default] Loading Tree Hierarchy... 
2016-03-21 15:00:54,060 INFO  [default] Tree Loaded in 1ms
2016-03-21 15:00:58,589 INFO  [default] Enregistrement
2016-03-21 15:01:13,854 INFO  [default] START
2016-03-21 15:01:13,854 ERROR [default] Couldn't find/load the 'dailywork' catalog for locale 'French_France.1252'.
2016-03-21 15:01:13,932 INFO  [default] Parse file dailywork.json
2016-03-21 15:01:13,932 INFO  [default] Get Excluded Days : 
2016-03-21 15:01:13,932 INFO  [default] Loading Tree with json 0data...
2016-03-21 15:01:13,932 INFO  [default] Loading Tree Hierarchy... 
2016-03-21 15:01:13,932 INFO  [default] Tree Loaded in 0ms
2016-03-21 17:19:47,796 INFO  [default] START
2016-03-21 17:19:47,811 ERROR [default] Couldn't find/load the 'dailywork' catalog for locale 'French_France.1252'.
2016-03-21 17:19:48,108 INFO  [default] Parse file dailywork.json
2016-03-21 17:19:48,108 INFO  [default] Get Excluded Days : 
2016-03-21 17:19:48,108 INFO  [default] Loading Tree with json 0data...
2016-03-21 17:19:48,108 INFO  [default] Loading Tree Hierarchy... 
2016-03-21 17:19:48,108 INFO  [default] Tree Loaded in 0ms
2016-03-21 17:21:55,506 INFO  [default] START
2016-03-21 17:21:55,522 ERROR [default] Couldn't find/load the 'dailywork' catalog for locale 'French_France.1252'.
2016-03-21 17:21:55,818 INFO  [default] Parse file dailywork.json
2016-03-21 17:21:55,818 INFO  [default] Get Excluded Days : 
2016-03-21 17:21:55,818 INFO  [default] Loading Tree with json 0data...
2016-03-21 17:21:55,818 INFO  [default] Loading Tree Hierarchy... 
2016-03-21 17:21:55,818 INFO  [default] Tree Loaded in 0ms
