2015-09-09 17:12:46,695 DEBUG [default] [Trinquard@TRINQUARD-PC] [virtual bool MainApp::OnInit()] [I:/Workspace/CodeLiteC++/DailyWork/main.cpp:30] START
2015-09-09 17:12:47,976 INFO  [default] Parse file
2015-09-09 17:12:56,911 INFO  [default] Ouverture du fichier json 
2015-09-09 17:12:56,911 INFO  [default] Parse file
2015-09-09 17:13:01,846 DEBUG [default] [Trinquard@TRINQUARD-PC] [void MainApp::SetWorkFromTreeSelection(wxString)] [I:/Workspace/CodeLiteC++/DailyWork/main.cpp:512] wxTreeItemId is not ok
2015-09-09 17:13:26,922 DEBUG [default] [Trinquard@TRINQUARD-PC] [virtual bool MainApp::OnInit()] [I:/Workspace/CodeLiteC++/DailyWork/main.cpp:30] START
2015-09-09 17:13:27,418 INFO  [default] Parse file
2015-09-09 17:14:31,870 DEBUG [default] [Trinquard@TRINQUARD-PC] [void MainApp::SetWorkFromTreeSelection(wxString)] [I:/Workspace/CodeLiteC++/DailyWork/main.cpp:512] wxTreeItemId is not ok
2015-09-09 17:21:27,365 DEBUG [default] [Trinquard@TRINQUARD-PC] [virtual bool MainApp::OnInit()] [I:/Workspace/CodeLiteC++/DailyWork/main.cpp:30] START
2015-09-09 17:21:27,860 INFO  [default] Parse file
2015-09-09 17:21:27,863 INFO  [default] Loading Tree with json data...
2015-09-09 17:21:27,873 INFO  [default] Loading Tree Hierarchy... 
2015-09-09 17:21:27,877 INFO  [default] Tree Loaded
2015-09-09 17:21:27,884 DEBUG [default] [Trinquard@TRINQUARD-PC] [void MainApp::SetWorkFromTreeSelection(wxString)] [I:/Workspace/CodeLiteC++/DailyWork/main.cpp:512] wxTreeItemId is not ok
2015-09-09 17:21:27,884 DEBUG [default] [Trinquard@TRINQUARD-PC] [std::__cxx11::string MainApp::GetWorkFromTreeSelection()] [I:/Workspace/CodeLiteC++/DailyWork/main.cpp:491] Elément selectionné vide
2015-09-09 17:21:27,884 DEBUG [default] [Trinquard@TRINQUARD-PC] [void MainFrame::ShowTreeItemSelectedText()] [I:/Workspace/CodeLiteC++/DailyWork/gui2.cpp:570] Text to show in editor : 
2015-09-09 17:27:34,665 DEBUG [default] [Trinquard@TRINQUARD-PC] [virtual bool MainApp::OnInit()] [I:/Workspace/CodeLiteC++/DailyWork/main.cpp:30] START
2015-09-09 17:27:35,095 INFO  [default] Parse file
2015-09-09 17:27:35,095 INFO  [default] Loading Tree with json data...
2015-09-09 17:27:35,095 INFO  [default] Loading Tree Hierarchy... 
2015-09-09 17:27:35,098 INFO  [default] Tree Loaded
2015-09-09 17:27:35,103 DEBUG [default] [Trinquard@TRINQUARD-PC] [void MainApp::SetWorkFromTreeSelection(wxString)] [I:/Workspace/CodeLiteC++/DailyWork/main.cpp:512] wxTreeItemId is not ok
2015-09-09 17:27:35,103 DEBUG [default] [Trinquard@TRINQUARD-PC] [std::__cxx11::string MainApp::GetWorkFromTreeSelection()] [I:/Workspace/CodeLiteC++/DailyWork/main.cpp:491] Elément selectionné vide
2015-09-09 17:27:35,103 DEBUG [default] [Trinquard@TRINQUARD-PC] [void MainFrame::ShowTreeItemSelectedText()] [I:/Workspace/CodeLiteC++/DailyWork/gui2.cpp:570] Text to show in editor : 
2015-09-09 17:29:21,791 DEBUG [default] [Trinquard@TRINQUARD-PC] [virtual bool MainApp::OnInit()] [I:/Workspace/CodeLiteC++/DailyWork/main.cpp:30] START
2015-09-09 17:29:22,261 INFO  [default] Parse file
2015-09-09 17:29:22,261 INFO  [default] Loading Tree with json data...
2015-09-09 17:29:22,261 INFO  [default] Loading Tree Hierarchy... 
2015-09-09 17:29:22,264 INFO  [default] Tree Loaded
2015-09-09 17:29:22,270 DEBUG [default] [Trinquard@TRINQUARD-PC] [void MainApp::SetWorkFromTreeSelection(wxString)] [I:/Workspace/CodeLiteC++/DailyWork/main.cpp:512] wxTreeItemId is not ok
2015-09-09 17:29:22,270 DEBUG [default] [Trinquard@TRINQUARD-PC] [std::__cxx11::string MainApp::GetWorkFromTreeSelection()] [I:/Workspace/CodeLiteC++/DailyWork/main.cpp:491] Elément selectionné vide
2015-09-09 17:29:22,270 DEBUG [default] [Trinquard@TRINQUARD-PC] [void MainFrame::ShowTreeItemSelectedText()] [I:/Workspace/CodeLiteC++/DailyWork/gui2.cpp:570] Text to show in editor : 
